<?xml version="1.0" encoding="UTF-8"?>
<testsuites name="Mocha Tests" time="11.786" tests="1" failures="0">
  <testsuite name="Root Suite" timestamp="2026-01-30T03:58:52" tests="0" file="tests/cypress/e2e/modern-seaside-stay.cy.ts" time="0.000" failures="0">
  </testsuite>
  <testsuite name="Modern Seaside Stay" timestamp="2026-01-30T03:58:52" tests="1" time="11.785" failures="0">
    <testcase name="Modern Seaside Stay Simple booking form" time="6.208" classname="Simple booking form">
    </testcase>
  </testsuite>
</testsuites>